INFO:django: 06/11/2022, 11:58:09 | user: admin | cadastrou uma venda de 1000: Cunhas
INFO:django: 06/11/2022, 11:58:09 | user: admin | cadastrou uma venda de 1: Alicate
INFO:django.utils.autoreload:C:\projetos\speednetwork\system\settings.py changed, reloading.
INFO:django.utils.autoreload:C:\projetos\speednetwork\system\settings.py changed, reloading.
INFO:django.utils.autoreload:C:\projetos\speednetwork\system\settings.py changed, reloading.
INFO:django.utils.autoreload:C:\projetos\speednetwork\apps\business\views.py changed, reloading.
WARNING:root:This will get logged to a file
INFO:django: 06/11/2022, 12:42:39 | user: admin | cadastrou uma venda de 1000: Pregos
INFO:django.utils.autoreload:C:\projetos\speednetwork\apps\business\views.py changed, reloading.
INFO:django.utils.autoreload:C:\projetos\speednetwork\apps\business\views.py changed, reloading.
WARNING:root:This will get logged to a file: %(asctime)s
INFO:django: 06/11/2022, 12:44:27 | user: admin | cadastrou uma venda de 1: Martelo
INFO:django.utils.autoreload:C:\projetos\speednetwork\apps\business\views.py changed, reloading.
WARNING:root:This will get logged to a file
INFO:django: 06/11/2022, 12:46:30 | user: admin | cadastrou uma venda de 1: Alicate
INFO:django.utils.autoreload:C:\projetos\speednetwork\apps\business\views.py changed, reloading.
INFO:django.utils.autoreload:C:\projetos\speednetwork\apps\business\views.py changed, reloading.
WARNING:root:This will get logged to a file
INFO:django: 06/11/2022, 12:48:21 | user: admin | cadastrou uma venda de 1: Escada
INFO:django.utils.autoreload:C:\projetos\speednetwork\apps\business\views.py changed, reloading.
INFO:django.utils.autoreload:C:\projetos\speednetwork\apps\business\views.py changed, reloading.
